# JRE version: OpenJDK Runtime Environment Temurin-11.0.18+10 (11.0.18+10) (build 11.0.18+10)
# Java VM: OpenJDK 64-Bit Server VM Temurin-11.0.18+10 (11.0.18+10, mixed mode, tiered, compressed oops, g1 gc, windows-amd64)
Heap:
 garbage-first heap   total 757760K, used 244589K [0x0000000601000000, 0x0000000800000000)
  region size 2048K, 15 young (30720K), 0 survivors (0K)
 Metaspace       used 103566K, capacity 111052K, committed 111356K, reserved 1146880K
  class space    used 11469K, capacity 14015K, committed 14076K, reserved 1048576K
GC Heap History (20 events):
Event: 889.999 GC heap before
{Heap before GC invocations=103 (full 0):
 garbage-first heap   total 757760K, used 675853K [0x0000000601000000, 0x0000000800000000)
  region size 2048K, 197 young (403456K), 1 survivors (2048K)
 Metaspace       used 103322K, capacity 110714K, committed 110844K, reserved 1146880K
  class space    used 11462K, capacity 13991K, committed 14076K, reserved 1048576K
}
Event: 890.000 GC heap after
{Heap after GC invocations=104 (full 0):
 garbage-first heap   total 757760K, used 274494K [0x0000000601000000, 0x0000000800000000)
  region size 2048K, 1 young (2048K), 1 survivors (2048K)
 Metaspace       used 103322K, capacity 110714K, committed 110844K, reserved 1146880K
  class space    used 11462K, capacity 13991K, committed 14076K, reserved 1048576K
}
Event: 900.116 GC heap before
{Heap before GC invocations=104 (full 0):
 garbage-first heap   total 757760K, used 675902K [0x0000000601000000, 0x0000000800000000)
  region size 2048K, 197 young (403456K), 1 survivors (2048K)
 Metaspace       used 103328K, capacity 110778K, committed 111100K, reserved 1146880K
  class space    used 11462K, capacity 13991K, committed 14076K, reserved 1048576K
}
Event: 900.117 GC heap after
{Heap after GC invocations=105 (full 0):
 garbage-first heap   total 757760K, used 274521K [0x0000000601000000, 0x0000000800000000)
  region size 2048K, 1 young (2048K), 1 survivors (2048K)
 Metaspace       used 103328K, capacity 110778K, committed 111100K, reserved 1146880K
  class space    used 11462K, capacity 13991K, committed 14076K, reserved 1048576K
}
Event: 910.245 GC heap before
{Heap before GC invocations=105 (full 0):
 garbage-first heap   total 757760K, used 675929K [0x0000000601000000, 0x0000000800000000)
  region size 2048K, 197 young (403456K), 1 survivors (2048K)
 Metaspace       used 103417K, capacity 110885K, committed 111100K, reserved 1146880K
  class space    used 11472K, capacity 14025K, committed 14076K, reserved 1048576K
}
Event: 910.247 GC heap after
{Heap after GC invocations=106 (full 0):
 garbage-first heap   total 757760K, used 275061K [0x0000000601000000, 0x0000000800000000)
  region size 2048K, 1 young (2048K), 1 survivors (2048K)
 Metaspace       used 103417K, capacity 110885K, committed 111100K, reserved 1146880K
  class space    used 11472K, capacity 14025K, committed 14076K, reserved 1048576K
}
Event: 921.025 GC heap before
{Heap before GC invocations=106 (full 0):
 garbage-first heap   total 757760K, used 676469K [0x0000000601000000, 0x0000000800000000)
  region size 2048K, 197 young (403456K), 1 survivors (2048K)
 Metaspace       used 103450K, capacity 110950K, committed 111100K, reserved 1146880K
  class space    used 11472K, capacity 14025K, committed 14076K, reserved 1048576K
}
Event: 921.027 GC heap after
{Heap after GC invocations=107 (full 0):
 garbage-first heap   total 757760K, used 275134K [0x0000000601000000, 0x0000000800000000)
  region size 2048K, 1 young (2048K), 1 survivors (2048K)
 Metaspace       used 103450K, capacity 110950K, committed 111100K, reserved 1146880K
  class space    used 11472K, capacity 14025K, committed 14076K, reserved 1048576K
}
Event: 931.950 GC heap before
{Heap before GC invocations=107 (full 0):
 garbage-first heap   total 757760K, used 676542K [0x0000000601000000, 0x0000000800000000)
  region size 2048K, 197 young (403456K), 1 survivors (2048K)
 Metaspace       used 103480K, capacity 111014K, committed 111100K, reserved 1146880K
  class space    used 11472K, capacity 14025K, committed 14076K, reserved 1048576K
}
Event: 931.951 GC heap after
{Heap after GC invocations=108 (full 0):
 garbage-first heap   total 757760K, used 275188K [0x0000000601000000, 0x0000000800000000)
  region size 2048K, 1 young (2048K), 1 survivors (2048K)
 Metaspace       used 103480K, capacity 111014K, committed 111100K, reserved 1146880K
  class space    used 11472K, capacity 14025K, committed 14076K, reserved 1048576K
}
Event: 940.969 GC heap before
{Heap before GC invocations=108 (full 0):
 garbage-first heap   total 757760K, used 676596K [0x0000000601000000, 0x0000000800000000)
  region size 2048K, 197 young (403456K), 1 survivors (2048K)
 Metaspace       used 103512K, capacity 111018K, committed 111100K, reserved 1146880K
  class space    used 11472K, capacity 14025K, committed 14076K, reserved 1048576K
}
Event: 940.970 GC heap after
{Heap after GC invocations=109 (full 0):
 garbage-first heap   total 757760K, used 275359K [0x0000000601000000, 0x0000000800000000)
  region size 2048K, 1 young (2048K), 1 survivors (2048K)
 Metaspace       used 103512K, capacity 111018K, committed 111100K, reserved 1146880K
  class space    used 11472K, capacity 14025K, committed 14076K, reserved 1048576K
}
Event: 951.376 GC heap before
{Heap before GC invocations=109 (full 0):
 garbage-first heap   total 757760K, used 676767K [0x0000000601000000, 0x0000000800000000)
  region size 2048K, 197 young (403456K), 1 survivors (2048K)
 Metaspace       used 103527K, capacity 111018K, committed 111100K, reserved 1146880K
  class space    used 11472K, capacity 14025K, committed 14076K, reserved 1048576K
}
Event: 951.378 GC heap after
{Heap after GC invocations=110 (full 0):
 garbage-first heap   total 757760K, used 275365K [0x0000000601000000, 0x0000000800000000)
  region size 2048K, 1 young (2048K), 1 survivors (2048K)
 Metaspace       used 103527K, capacity 111018K, committed 111100K, reserved 1146880K
  class space    used 11472K, capacity 14025K, committed 14076K, reserved 1048576K
}
Event: 961.956 GC heap before
{Heap before GC invocations=110 (full 0):
 garbage-first heap   total 757760K, used 676773K [0x0000000601000000, 0x0000000800000000)
  region size 2048K, 197 young (403456K), 1 survivors (2048K)
 Metaspace       used 103528K, capacity 111018K, committed 111100K, reserved 1146880K
  class space    used 11472K, capacity 14025K, committed 14076K, reserved 1048576K
}
Event: 961.958 GC heap after
{Heap after GC invocations=111 (full 0):
 garbage-first heap   total 757760K, used 275372K [0x0000000601000000, 0x0000000800000000)
  region size 2048K, 1 young (2048K), 1 survivors (2048K)
 Metaspace       used 103528K, capacity 111018K, committed 111100K, reserved 1146880K
  class space    used 11472K, capacity 14025K, committed 14076K, reserved 1048576K
}
Event: 972.916 GC heap before
{Heap before GC invocations=111 (full 0):
 garbage-first heap   total 757760K, used 676780K [0x0000000601000000, 0x0000000800000000)
  region size 2048K, 197 young (403456K), 1 survivors (2048K)
 Metaspace       used 103529K, capacity 111018K, committed 111100K, reserved 1146880K
  class space    used 11472K, capacity 14025K, committed 14076K, reserved 1048576K
}
Event: 972.918 GC heap after
{Heap after GC invocations=112 (full 0):
 garbage-first heap   total 757760K, used 275380K [0x0000000601000000, 0x0000000800000000)
  region size 2048K, 1 young (2048K), 1 survivors (2048K)
 Metaspace       used 103529K, capacity 111018K, committed 111100K, reserved 1146880K
  class space    used 11472K, capacity 14025K, committed 14076K, reserved 1048576K
}
Event: 978.738 GC heap before
{Heap before GC invocations=112 (full 0):
 garbage-first heap   total 757760K, used 514996K [0x0000000601000000, 0x0000000800000000)
  region size 2048K, 118 young (241664K), 1 survivors (2048K)
 Metaspace       used 103568K, capacity 111021K, committed 111100K, reserved 1146880K
  class space    used 11473K, capacity 14026K, committed 14076K, reserved 1048576K
}
Event: 978.832 GC heap after
{Heap after GC invocations=113 (full 1):
 garbage-first heap   total 757760K, used 215917K [0x0000000601000000, 0x0000000800000000)
  region size 2048K, 0 young (0K), 0 survivors (0K)
 Metaspace       used 103536K, capacity 110973K, committed 111100K, reserved 1146880K
  class space    used 11464K, capacity 14010K, committed 14076K, reserved 1048576K
}

